\BOOKMARK [0][-]{section*.1}{Contents}{}% 1
\BOOKMARK [0][-]{chapter.1}{Introduction}{}% 2
\BOOKMARK [1][-]{section.1.1}{Basic\040Properties\040of\040Vector\040Spaces}{chapter.1}% 3
\BOOKMARK [0][-]{chapter.2}{Bases\040and\040Dimension}{}% 4
\BOOKMARK [1][-]{section.2.1}{Basic\040Definitions}{chapter.2}% 5
\BOOKMARK [1][-]{section.2.2}{Every\040Vector\040Space\040Admits\040a\040Basis}{chapter.2}% 6
\BOOKMARK [1][-]{section.2.3}{Cardinality\040and\040Dimension}{chapter.2}% 7
\BOOKMARK [1][-]{section.2.4}{Direct\040Sums\040and\040Quotient\040Spaces}{chapter.2}% 8
\BOOKMARK [1][-]{section.2.5}{Dual\040Spaces}{chapter.2}% 9
\BOOKMARK [0][-]{chapter.3}{Linear\040Transformations\040and\040Matrices}{}% 10
\BOOKMARK [1][-]{section.3.1}{Choosing\040Coordinates}{chapter.3}% 11
\BOOKMARK [1][-]{section.3.2}{Row\040Operations}{chapter.3}% 12
\BOOKMARK [1][-]{section.3.3}{Column-space\040and\040Null-space}{chapter.3}% 13
\BOOKMARK [1][-]{section.3.4}{The\040Transpose\040of\040a\040Matrix}{chapter.3}% 14
\BOOKMARK [0][-]{chapter.4}{Generalized\040Eigenvectors\040and\040Jordan\040Canonical\040Form}{}% 15
\BOOKMARK [1][-]{section.4.1}{Diagonalization}{chapter.4}% 16
\BOOKMARK [1][-]{section.4.2}{Eigenvalues\040and\040Eigenvectors}{chapter.4}% 17
\BOOKMARK [1][-]{section.4.3}{Characteristic\040Polynomials}{chapter.4}% 18
\BOOKMARK [1][-]{section.4.4}{Jordan\040Canonical\040Form}{chapter.4}% 19
\BOOKMARK [1][-]{section.4.5}{Diagonalization,\040II}{chapter.4}% 20
\BOOKMARK [0][-]{chapter.5}{Tensor\040Products\040and\040the\040Trace}{}% 21
\BOOKMARK [1][-]{section.5.1}{Complexification}{chapter.5}% 22
\BOOKMARK [1][-]{section.5.2}{Free\040Vector\040Spaces}{chapter.5}% 23
\BOOKMARK [1][-]{section.5.3}{Extension\040of\040Scalars}{chapter.5}% 24
\BOOKMARK [1][-]{section.5.4}{Tensor\040Products\040of\040Vector\040Spaces}{chapter.5}% 25
\BOOKMARK [1][-]{section.5.5}{The\040Trace}{chapter.5}% 26
\BOOKMARK [0][-]{chapter.6}{Tensor\040Algebras,\040Exterior\040Algebras,\040and\040the\040Determinant}{}% 27
\BOOKMARK [1][-]{section.6.1}{Tensor\040Algebras}{chapter.6}% 28
