\BOOKMARK [0][-]{section*.1}{Contents}{}% 1
\BOOKMARK [0][-]{chapter.1}{Orderings\040and\040Functions}{}% 2
\BOOKMARK [1][-]{section.1.1}{Basic\040Notation}{chapter.1}% 3
\BOOKMARK [1][-]{section.1.2}{Orderings}{chapter.1}% 4
\BOOKMARK [1][-]{section.1.3}{Functions}{chapter.1}% 5
\BOOKMARK [1][-]{section.1.4}{Cardinality}{chapter.1}% 6
\BOOKMARK [0][-]{chapter.2}{Ordered\040Fields}{}% 7
\BOOKMARK [1][-]{section.2.1}{Ordering\040of\040\040}{chapter.2}% 8
\BOOKMARK [1][-]{section.2.2}{Ordering\040of\040\040}{chapter.2}% 9
\BOOKMARK [1][-]{section.2.3}{Rings\040and\040Fields}{chapter.2}% 10
\BOOKMARK [0][-]{chapter.3}{The\040Real\040Numbers}{}% 11
\BOOKMARK [1][-]{section.3.1}{The\040Completion\040of\040\040}{chapter.3}% 12
\BOOKMARK [1][-]{section.3.2}{Ordering\040of\040\040}{chapter.3}% 13
\BOOKMARK [1][-]{section.3.3}{Metrics\040and\040Norms\040on\040\040n}{chapter.3}% 14
\BOOKMARK [0][-]{chapter.4}{Supremum,\040Infimum,\040and\040Completeness}{}% 15
\BOOKMARK [1][-]{section.4.1}{Supremum\040and\040Infimum}{chapter.4}% 16
\BOOKMARK [1][-]{section.4.2}{Nested\040Intervals}{chapter.4}% 17
\BOOKMARK [0][-]{chapter.5}{Sequences*}{}% 18
\BOOKMARK [1][-]{section.5.1}{Basic\040Definitions\040and\040Examples}{chapter.5}% 19
\BOOKMARK [1][-]{section.5.2}{Convergence}{chapter.5}% 20
\BOOKMARK [1][-]{section.5.3}{Subsequences}{chapter.5}% 21
